<?xml version="1.0" encoding="UTF-8"?>
<robot generator="Robot 3.0.4 (Python 3.6.5 on win32)" generated="20180618 16:35:57.046">
<suite id="s1" name="Verify Processmap" source="C:\Users\huanri\Documents\APA_automation\src\test_cases\apa_core_processmap\verify_processmap.robot">
<test id="s1-t1" name="Login">
<kw name="Login" library="resource">
<kw name="Open Browser To Login Page" library="resource">
<kw name="Open Browser" library="Selenium2Library">
<doc>Opens a new browser instance to the given ``url``.</doc>
<arguments>
<arg>${LOGIN URL}</arg>
<arg>${BROWSER}</arg>
</arguments>
<msg timestamp="20180618 16:35:57.671" level="INFO">Opening browser 'Chrome' to base url 'http://qa.dxc-apa.net/passport/login'.</msg>
<status status="PASS" starttime="20180618 16:35:57.671" endtime="20180618 16:36:14.365"></status>
</kw>
<kw name="Maximize Browser Window" library="Selenium2Library">
<doc>Maximizes current browser window.</doc>
<status status="PASS" starttime="20180618 16:36:14.366" endtime="20180618 16:36:15.537"></status>
</kw>
<kw name="Set Selenium Speed" library="Selenium2Library">
<doc>Sets the delay that is waited after each Selenium command.</doc>
<arguments>
<arg>${DELAY}</arg>
</arguments>
<status status="PASS" starttime="20180618 16:36:15.537" endtime="20180618 16:36:15.538"></status>
</kw>
<kw name="Login Page Should Be Open" library="resource">
<kw name="Title Should Be" library="Selenium2Library">
<doc>Verifies that current page title equals ``title``.</doc>
<arguments>
<arg>Agile Process Automation</arg>
</arguments>
<msg timestamp="20180618 16:36:15.566" level="INFO">Page title is 'Agile Process Automation'.</msg>
<status status="PASS" starttime="20180618 16:36:15.540" endtime="20180618 16:36:15.566"></status>
</kw>
<status status="PASS" starttime="20180618 16:36:15.539" endtime="20180618 16:36:15.567"></status>
</kw>
<status status="PASS" starttime="20180618 16:35:57.671" endtime="20180618 16:36:15.567"></status>
</kw>
<kw name="Input Username" library="resource">
<arguments>
<arg>${VALID USER}</arg>
</arguments>
<kw name="Input Text" library="Selenium2Library">
<doc>Types the given ``text`` into text field identified by ``locator``.</doc>
<arguments>
<arg>id:loginEmail</arg>
<arg>${username}</arg>
</arguments>
<msg timestamp="20180618 16:36:15.570" level="INFO">Typing text 'admin1@dxc.com' into text field 'id:loginEmail'.</msg>
<status status="PASS" starttime="20180618 16:36:15.569" endtime="20180618 16:36:16.113"></status>
</kw>
<status status="PASS" starttime="20180618 16:36:15.568" endtime="20180618 16:36:16.113"></status>
</kw>
<kw name="Input Password" library="resource">
<arguments>
<arg>${VALID PASSWORD}</arg>
</arguments>
<kw name="Input Text" library="Selenium2Library">
<doc>Types the given ``text`` into text field identified by ``locator``.</doc>
<arguments>
<arg>id:loginPassword</arg>
<arg>${password}</arg>
</arguments>
<msg timestamp="20180618 16:36:16.114" level="INFO">Typing text 'password' into text field 'id:loginPassword'.</msg>
<status status="PASS" starttime="20180618 16:36:16.114" endtime="20180618 16:36:16.363"></status>
</kw>
<status status="PASS" starttime="20180618 16:36:16.113" endtime="20180618 16:36:16.364"></status>
</kw>
<kw name="Submit Credentials" library="resource">
<kw name="Click Button" library="Selenium2Library">
<doc>Clicks button identified by ``locator``.</doc>
<arguments>
<arg>id:loginButton</arg>
</arguments>
<msg timestamp="20180618 16:36:16.366" level="INFO">Clicking button 'id:loginButton'.</msg>
<status status="PASS" starttime="20180618 16:36:16.365" endtime="20180618 16:36:16.550"></status>
</kw>
<kw name="Set Selenium Implicit Wait" library="Selenium2Library">
<doc>Sets the implicit wait value used by Selenium.</doc>
<arguments>
<arg>5</arg>
</arguments>
<status status="PASS" starttime="20180618 16:36:16.550" endtime="20180618 16:36:16.568"></status>
</kw>
<status status="PASS" starttime="20180618 16:36:16.364" endtime="20180618 16:36:16.568"></status>
</kw>
<kw name="Welcome Page Should Be Open" library="resource">
<kw name="Element Text Should Be" library="Selenium2Library">
<doc>Verifies that element ``locator`` contains exact text ``expected``.</doc>
<arguments>
<arg>tag:small</arg>
<arg>Good day,</arg>
</arguments>
<msg timestamp="20180618 16:36:16.570" level="INFO">Verifying element 'tag:small' contains exact text 'Good day,'.</msg>
<status status="PASS" starttime="20180618 16:36:16.569" endtime="20180618 16:36:17.526"></status>
</kw>
<status status="PASS" starttime="20180618 16:36:16.569" endtime="20180618 16:36:17.527"></status>
</kw>
<status status="PASS" starttime="20180618 16:35:57.671" endtime="20180618 16:36:17.527"></status>
</kw>
<kw name="Click Element" library="Selenium2Library">
<doc>Click element identified by ``locator``.</doc>
<arguments>
<arg>xpath:(//p[@class="arrow arrow"])[2]</arg>
</arguments>
<msg timestamp="20180618 16:36:17.530" level="INFO">Clicking element 'xpath:(//p[@class="arrow arrow"])[2]'.</msg>
<status status="PASS" starttime="20180618 16:36:17.529" endtime="20180618 16:36:17.763"></status>
</kw>
<kw name="Get Length" library="BuiltIn">
<doc>Returns and logs the length of the given item as an integer.</doc>
<arguments>
<arg>xpath://div[@class="customer-box"]</arg>
</arguments>
<assign>
<var>${length_customer}</var>
</assign>
<msg timestamp="20180618 16:36:17.764" level="INFO">Length is 34</msg>
<msg timestamp="20180618 16:36:17.765" level="INFO">${length_customer} = 34</msg>
<status status="PASS" starttime="20180618 16:36:17.764" endtime="20180618 16:36:17.765"></status>
</kw>
<kw name="Should Be True" library="BuiltIn">
<doc>Fails if the given condition is not true.</doc>
<arguments>
<arg>${length_customer}&gt;0</arg>
</arguments>
<status status="PASS" starttime="20180618 16:36:17.765" endtime="20180618 16:36:17.766"></status>
</kw>
<kw name="Wait Until Element Is Visible" library="Selenium2Library">
<doc>Waits until element ``locator`` is visible.</doc>
<arguments>
<arg>xpath://div[@title="${customer}"]/following-sibling::div/div/div/div[1]</arg>
</arguments>
<status status="PASS" starttime="20180618 16:36:17.767" endtime="20180618 16:36:19.233"></status>
</kw>
<kw name="Click Element" library="Selenium2Library">
<doc>Click element identified by ``locator``.</doc>
<arguments>
<arg>xpath://div[@title="${customer}"]/following-sibling::div/div/div/div[1]</arg>
</arguments>
<msg timestamp="20180618 16:36:19.238" level="INFO">Clicking element 'xpath://div[@title="Customer1"]/following-sibling::div/div/div/div[1]'.</msg>
<status status="PASS" starttime="20180618 16:36:19.238" endtime="20180618 16:36:19.725"></status>
</kw>
<kw name="Set Selenium Implicit Wait" library="Selenium2Library">
<doc>Sets the implicit wait value used by Selenium.</doc>
<arguments>
<arg>10000</arg>
</arguments>
<status status="PASS" starttime="20180618 16:36:19.727" endtime="20180618 16:36:19.732"></status>
</kw>
<kw name="Click Element" library="Selenium2Library">
<doc>Click element identified by ``locator``.</doc>
<arguments>
<arg>xpath://div[@class="dropdown-menu down"]//following-sibling::div[1]/li[@title="${process}"]</arg>
</arguments>
<msg timestamp="20180618 16:36:19.734" level="INFO">Clicking element 'xpath://div[@class="dropdown-menu down"]//following-sibling::div[1]/li[@title="hrtest_060601"]'.</msg>
<status status="PASS" starttime="20180618 16:36:19.733" endtime="20180618 16:36:20.042"></status>
</kw>
<kw name="Get Selenium Implicit Wait" library="Selenium2Library">
<doc>Gets the implicit wait value used by Selenium.</doc>
<status status="PASS" starttime="20180618 16:36:20.044" endtime="20180618 16:36:20.045"></status>
</kw>
<kw name="Click Element" library="Selenium2Library">
<doc>Click element identified by ``locator``.</doc>
<arguments>
<arg>xpath://div[@title="${customer}"]/ancestor::div/following-sibling::div/div/div/p[@class='jump-to-pe pe-able-click']</arg>
</arguments>
<msg timestamp="20180618 16:36:20.049" level="INFO">Clicking element 'xpath://div[@title="Customer1"]/ancestor::div/following-sibling::div/div/div/p[@class='jump-to-pe pe-able-click']'.</msg>
<status status="PASS" starttime="20180618 16:36:20.048" endtime="20180618 16:36:20.357"></status>
</kw>
<kw name="Get Selenium Implicit Wait" library="Selenium2Library">
<doc>Gets the implicit wait value used by Selenium.</doc>
<status status="PASS" starttime="20180618 16:36:20.359" endtime="20180618 16:36:20.359"></status>
</kw>
<kw name="Get Length" library="BuiltIn">
<doc>Returns and logs the length of the given item as an integer.</doc>
<arguments>
<arg>xpath://div[@class="pn-node pn-trans"]</arg>
</arguments>
<assign>
<var>${length_processmap}</var>
</assign>
<msg timestamp="20180618 16:36:20.361" level="INFO">Length is 38</msg>
<msg timestamp="20180618 16:36:20.361" level="INFO">${length_processmap} = 38</msg>
<status status="PASS" starttime="20180618 16:36:20.360" endtime="20180618 16:36:20.362"></status>
</kw>
<kw name="Should Be True" library="BuiltIn">
<doc>Fails if the given condition is not true.</doc>
<arguments>
<arg>${length_processmap}&gt;0</arg>
</arguments>
<status status="PASS" starttime="20180618 16:36:20.363" endtime="20180618 16:36:20.364"></status>
</kw>
<kw name="Get Selenium Implicit Wait" library="Selenium2Library">
<doc>Gets the implicit wait value used by Selenium.</doc>
<status status="PASS" starttime="20180618 16:36:20.365" endtime="20180618 16:36:20.366"></status>
</kw>
<kw name="Close Browser" library="Selenium2Library" type="teardown">
<doc>Closes the current browser.</doc>
<status status="PASS" starttime="20180618 16:36:20.367" endtime="20180618 16:36:23.601"></status>
</kw>
<status status="PASS" starttime="20180618 16:35:57.671" endtime="20180618 16:36:23.601" critical="yes"></status>
</test>
<doc>apa_automation_testing_for_regression
</doc>
<status status="PASS" starttime="20180618 16:35:57.061" endtime="20180618 16:36:23.601"></status>
</suite>
<statistics>
<total>
<stat pass="1" fail="0">Critical Tests</stat>
<stat pass="1" fail="0">All Tests</stat>
</total>
<tag>
</tag>
<suite>
<stat pass="1" fail="0" id="s1" name="Verify Processmap">Verify Processmap</stat>
</suite>
</statistics>
<errors>
</errors>
</robot>
